GowinSynthesis start
Running parser ...
Analyzing Verilog file 'C:\Gowin\Gowin_V1.9.8Beta\IDE\ipcore\USB_DEVICE_CONTROLLER\data\usb_device_controller_top.v'
Analyzing included file 'C:\Gowin\Gowin_V1.9.8Beta\IDE\ipcore\USB_DEVICE_CONTROLLER\data\static_macro_define.v'("C:\Gowin\Gowin_V1.9.8Beta\IDE\ipcore\USB_DEVICE_CONTROLLER\data\usb_device_controller_top.v":11)
Back to file 'C:\Gowin\Gowin_V1.9.8Beta\IDE\ipcore\USB_DEVICE_CONTROLLER\data\usb_device_controller_top.v'("C:\Gowin\Gowin_V1.9.8Beta\IDE\ipcore\USB_DEVICE_CONTROLLER\data\usb_device_controller_top.v":11)
Analyzing included file 'F:\Winson\USB\Trunk\usb_device_controller\Demo\GW2A18\usb20_demo\usb2uart_src\src\usb_device_controller\temp\USBDevCon\usb_device_controller_define.v'("C:\Gowin\Gowin_V1.9.8Beta\IDE\ipcore\USB_DEVICE_CONTROLLER\data\usb_device_controller_top.v":12)
Back to file 'C:\Gowin\Gowin_V1.9.8Beta\IDE\ipcore\USB_DEVICE_CONTROLLER\data\usb_device_controller_top.v'("C:\Gowin\Gowin_V1.9.8Beta\IDE\ipcore\USB_DEVICE_CONTROLLER\data\usb_device_controller_top.v":12)
Analyzing Verilog file 'C:\Gowin\Gowin_V1.9.8Beta\IDE\ipcore\USB_DEVICE_CONTROLLER\data\usb_device_controller.vp'
Analyzing included file 'C:\Gowin\Gowin_V1.9.8Beta\IDE\ipcore\USB_DEVICE_CONTROLLER\data\static_macro_define.v'("C:\Gowin\Gowin_V1.9.8Beta\IDE\ipcore\USB_DEVICE_CONTROLLER\data\usb_device_controller.vp":2531)
Back to file 'C:\Gowin\Gowin_V1.9.8Beta\IDE\ipcore\USB_DEVICE_CONTROLLER\data\usb_device_controller.vp'("C:\Gowin\Gowin_V1.9.8Beta\IDE\ipcore\USB_DEVICE_CONTROLLER\data\usb_device_controller.vp":2531)
Analyzing included file 'F:\Winson\USB\Trunk\usb_device_controller\Demo\GW2A18\usb20_demo\usb2uart_src\src\usb_device_controller\temp\USBDevCon\usb_device_controller_define.v'("C:\Gowin\Gowin_V1.9.8Beta\IDE\ipcore\USB_DEVICE_CONTROLLER\data\usb_device_controller.vp":2531)
Back to file 'C:\Gowin\Gowin_V1.9.8Beta\IDE\ipcore\USB_DEVICE_CONTROLLER\data\usb_device_controller.vp'("C:\Gowin\Gowin_V1.9.8Beta\IDE\ipcore\USB_DEVICE_CONTROLLER\data\usb_device_controller.vp":2531)
WARN  (EX3788) : Block identifier is required on this block("C:\Gowin\Gowin_V1.9.8Beta\IDE\ipcore\USB_DEVICE_CONTROLLER\data\usb_device_controller.vp":0)
Compiling module 'USB_Device_Controller_Top'("C:\Gowin\Gowin_V1.9.8Beta\IDE\ipcore\USB_DEVICE_CONTROLLER\data\usb_device_controller_top.v":13)
Compiling module '**'("C:\Gowin\Gowin_V1.9.8Beta\IDE\ipcore\USB_DEVICE_CONTROLLER\data\usb_device_controller.vp":0)
Compiling module '**'("C:\Gowin\Gowin_V1.9.8Beta\IDE\ipcore\USB_DEVICE_CONTROLLER\data\usb_device_controller.vp":0)
WARN  (EX3791) : Expression size ** truncated to fit in target size **("C:\Gowin\Gowin_V1.9.8Beta\IDE\ipcore\USB_DEVICE_CONTROLLER\data\usb_device_controller.vp":0)
Compiling module '**'("C:\Gowin\Gowin_V1.9.8Beta\IDE\ipcore\USB_DEVICE_CONTROLLER\data\usb_device_controller.vp":0)
Compiling module '**'("C:\Gowin\Gowin_V1.9.8Beta\IDE\ipcore\USB_DEVICE_CONTROLLER\data\usb_device_controller.vp":0)
WARN  (EX3791) : Expression size ** truncated to fit in target size **("C:\Gowin\Gowin_V1.9.8Beta\IDE\ipcore\USB_DEVICE_CONTROLLER\data\usb_device_controller.vp":0)
Compiling module '**'("C:\Gowin\Gowin_V1.9.8Beta\IDE\ipcore\USB_DEVICE_CONTROLLER\data\usb_device_controller.vp":0)
WARN  (EX3791) : Expression size ** truncated to fit in target size **("C:\Gowin\Gowin_V1.9.8Beta\IDE\ipcore\USB_DEVICE_CONTROLLER\data\usb_device_controller.vp":0)
WARN  (EX3779) : '**' should be on the sensitivity list("C:\Gowin\Gowin_V1.9.8Beta\IDE\ipcore\USB_DEVICE_CONTROLLER\data\usb_device_controller.vp":0)
NOTE  (EX0101) : Current top module is "USB_Device_Controller_Top"
[5%] Running netlist conversion ...
Running device independent optimization ...
[10%] Optimizing Phase 0 completed
[15%] Optimizing Phase 1 completed
[25%] Optimizing Phase 2 completed
Running inference ...
[30%] Inferring Phase 0 completed
[40%] Inferring Phase 1 completed
[50%] Inferring Phase 2 completed
[55%] Inferring Phase 3 completed
Running technical mapping ...
[60%] Tech-Mapping Phase 0 completed
[65%] Tech-Mapping Phase 1 completed
[75%] Tech-Mapping Phase 2 completed
[80%] Tech-Mapping Phase 3 completed
[90%] Tech-Mapping Phase 4 completed
[95%] Generate netlist file "F:\Winson\USB\Trunk\usb_device_controller\Demo\GW2A18\usb20_demo\usb2uart_src\src\usb_device_controller\temp\USBDevCon\usb_device_controller.vg" completed
Generate template file "F:\Winson\USB\Trunk\usb_device_controller\Demo\GW2A18\usb20_demo\usb2uart_src\src\usb_device_controller\temp\USBDevCon\usb_device_controller_tmp.v" completed
[100%] Generate report file "F:\Winson\USB\Trunk\usb_device_controller\Demo\GW2A18\usb20_demo\usb2uart_src\src\usb_device_controller\temp\USBDevCon\usb_device_controller_syn.rpt.html" completed
GowinSynthesis finish
